<?xml version="1.0" encoding="UTF-8"?>
<!-- Generated by org.testng.reporters.JUnitReportReporter -->
<testsuite hostname="DESKTOP-VGN6VUA" failures="0" tests="1" name="testCases.TetherExchangeTest" time="38.736" errors="0" timestamp="2024-02-06T12:26:59 IST" skipped="0">
  <testcase classname="testCases.TetherExchangeTest" name="addBnakAccount" time="38.736"/>
  <system-out/>
</testsuite> <!-- testCases.TetherExchangeTest -->
