<?xml version="1.0" encoding="UTF-8"?>
<!-- Generated by org.testng.reporters.JUnitReportReporter -->
<testsuite hostname="DESKTOP-VGN6VUA" failures="0" tests="1" name="testCases.WithdrawTest" time="21.697" errors="0" timestamp="2024-02-06T16:46:50 IST" skipped="0">
  <testcase classname="testCases.WithdrawTest" name="addBnakAccount" time="21.697"/>
  <system-out/>
</testsuite> <!-- testCases.WithdrawTest -->
