<?xml version="1.0" encoding="UTF-8"?>
<!-- Generated by org.testng.reporters.JUnitReportReporter -->
<testsuite hostname="DESKTOP-VGN6VUA" failures="0" tests="1" name="testCases.UserLoginTest" time="6.050" errors="0" timestamp="2024-02-02T18:41:40 IST" skipped="0">
  <testcase classname="testCases.UserLoginTest" name="Login" time="6.050"/>
  <system-out/>
</testsuite> <!-- testCases.UserLoginTest -->
